<?xml version="1.0" encoding="UTF-8"?>
<testng-results ignored="13" total="14" passed="1" failed="0" skipped="0">
  <reporter-output>
  </reporter-output>
  <suite started-at="2025-03-21T04:57:53 AST" name="Default suite" finished-at="2025-03-21T04:58:06 AST" duration-ms="13421">
    <groups>
    </groups>
    <test started-at="2025-03-21T04:57:53 AST" name="Default test" finished-at="2025-03-21T04:58:06 AST" duration-ms="13421">
      <class name="MyTestCases">
        <test-method is-config="true" signature="MySetUp()[pri:0, instance:MyTestCases@55dfebeb]" started-at="2025-03-21T04:57:53 AST" name="MySetUp" finished-at="2025-03-21T04:58:06 AST" duration-ms="13012" status="PASS">
          <reporter-output>
          </reporter-output>
        </test-method> <!-- MySetUp -->
        <test-method signature="Download_file_to_test()[pri:14, instance:MyTestCases@55dfebeb]" started-at="2025-03-21T04:58:06 AST" name="Download_file_to_test" description="Download the file" finished-at="2025-03-21T04:58:06 AST" duration-ms="307" status="PASS">
          <reporter-output>
          </reporter-output>
        </test-method> <!-- Download_file_to_test -->
      </class> <!-- MyTestCases -->
    </test> <!-- Default test -->
  </suite> <!-- Default suite -->
</testng-results>
